<?xml version="1.0" encoding="UTF-8"?>
<!-- Generated by org.testng.reporters.JUnitReportReporter -->
<testsuite hostname="DELL-9KU4GIF" failures="0" tests="3" name="com.sas.core.TripTollTest" time="0.101" errors="0" timestamp="2022-10-26T13:07:20 EDT" skipped="0">
  <testcase classname="com.sas.core.TripTollTest" name="testTollCharges" time="0.095"/>
  <system-out/>
  <testcase classname="com.sas.core.TripTollTest" name="f" time="0.006"/>
  <system-out/>
  <testcase classname="com.sas.core.TripTollTest" name="f" time="0.000"/>
  <system-out/>
</testsuite> <!-- com.sas.core.TripTollTest -->
