<?xml version="1.0" encoding="UTF-8"?>
<!-- Generated by org.testng.reporters.JUnitReportReporter -->
<testsuite hostname="DELL-9KU4GIF" failures="0" tests="2" name="com.sas.core.TripTollTest" time="0.095" errors="0" timestamp="2022-10-27T00:05:48 EDT" skipped="0">
  <testcase classname="com.sas.core.TripTollTest" name="tollQEWto410" time="0.002"/>
  <system-out>
    <![CDATA[Test - Distance from: LocationNode { locationId=1, locationName='QEW', latitude=43.336962, longitude=-79.830394}Route{toId=2, distance='6.062} and LocationNode { locationId=14, locationName='Highway 410', latitude=43.668861, longitude=-79.700151}Route{toId=13, distance='2.147}Route{toId=15, distance='2.223}: 47.999
Test - Toll Charge from: LocationNode { locationId=1, locationName='QEW', latitude=43.336962, longitude=-79.830394}Route{toId=2, distance='6.062} and LocationNode { locationId=14, locationName='Highway 410', latitude=43.668861, longitude=-79.700151}Route{toId=13, distance='2.147}Route{toId=15, distance='2.223}: 12.00]]>
  </system-out>
  <testcase classname="com.sas.core.TripTollTest" name="tollQEWto403" time="0.093"/>
  <system-out>
    <![CDATA[Test - Distance from: LocationNode { locationId=1, locationName='QEW', latitude=43.336962, longitude=-79.830394}Route{toId=2, distance='6.062} and LocationNode { locationId=7, locationName='Highway 403', latitude=43.527953, longitude=-79.725364}Route{toId=6, distance='2.917}Route{toId=8, distance='4.299}: 25.133
Test - Toll Charge from: LocationNode { locationId=1, locationName='QEW', latitude=43.336962, longitude=-79.830394}Route{toId=2, distance='6.062} and LocationNode { locationId=7, locationName='Highway 403', latitude=43.527953, longitude=-79.725364}Route{toId=6, distance='2.917}Route{toId=8, distance='4.299}: 6.28]]>
  </system-out>
</testsuite> <!-- com.sas.core.TripTollTest -->
