<?xml version="1.0" encoding="UTF-8"?>
<!-- Generated by org.testng.reporters.JUnitReportReporter -->
<testsuite hostname="DELL-9KU4GIF" failures="0" tests="4" name="com.sas.core.TripTollTest" time="0.047" errors="0" timestamp="2022-10-26T14:30:25 EDT" skipped="0">
  <testcase classname="com.sas.core.TripTollTest" name="testTollCharges" time="0.031"/>
  <system-out>
    <![CDATA[Test - Distances between QEW -
 
LocationNode { locationId=1, locationName='QEW', latitude=43.336962, longitude=-79.830394}
Route{toId=2, distance='6.062}

LocationNode { locationId=7, locationName='Highway 403', latitude=43.527953, longitude=-79.725364}
Route{toId=6, distance='2.917}
Route{toId=8, distance='4.299}]]>
  </system-out>
  <testcase classname="com.sas.core.TripTollTest" name="f" time="0.008"/>
  <system-out/>
  <testcase classname="com.sas.core.TripTollTest" name="f" time="0.002"/>
  <system-out/>
  <testcase classname="com.sas.core.TripTollTest" name="testTollCharges1" time="0.006"/>
  <system-out>
    <![CDATA[Test - Distances between QEW -
 
LocationNode { locationId=1, locationName='QEW', latitude=43.336962, longitude=-79.830394}
Route{toId=2, distance='6.062}

LocationNode { locationId=7, locationName='Highway 403', latitude=43.527953, longitude=-79.725364}
Route{toId=6, distance='2.917}
Route{toId=8, distance='4.299}]]>
  </system-out>
</testsuite> <!-- com.sas.core.TripTollTest -->
